<?xml version="1.0" encoding="UTF-8"?>
<!-- Generated by org.testng.reporters.JUnitReportReporter -->
<testsuite hostname="LAPTOP-8R8PUMTP" failures="0" tests="1" name="TestRunner.Testrunner" time="183.904" errors="0" timestamp="2020-05-03T23:37:17 IST" skipped="0">
  <testcase classname="TestRunner.Testrunner" name="feature" time="183.904"/>
  <system-out/>
</testsuite> <!-- TestRunner.Testrunner -->
